Data transmitted (red), received (blue), debug (green)
2 ENQ
EOT
2 ENQ
EOT
2 ENQ
EOT
2 ENQ
EOT
2 ENQ
EOT
2 ENQ
EOT
2 ENQ
EOT
2 ENQ
EOT
2 ENQ
EOT
2 ENQ
EOT
2 ENQ
EOT
2 ENQ
EOT
2 ENQ
EOT
2 ENQ
EOT
2 ENQ
EOT
2 ENQ
EOT
2 ENQ
EOT
2 ENQ
EOT
2 ENQ
EOT
2 ENQ
EOT
2 ENQ
EOT
2 ENQ
EOT
2 ENQ
EOT
2 ENQ
EOT
2 ENQ
EOT
2 ENQ
EOT
2 ENQ
EOT
2 ENQ
EOT
CR LFLF2 
ENQ
EOT
2 ENQ
EOT
2 ENQ
EOT
2 ENQ
EOT
2 ENQ
EOT
2 ENQ
EOT
2 ENQ
EOT
2 ENQ
EOT
2 ENQ
EOT
2 ENQ
EOT
2 ENQ
EOT
2 ENQ
EOT
2 ENQ
EOT
2 ENQ
EOT
2 ENQ
EOT
2 ENQ
EOT
2 ENQ
EOT
2 ENQ
EOT
2 ENQ
EOT
2 ENQ
EOT
2 ENQ
EOT
2 ENQ
EOT
2 ENQ
EOT
2 ENQ
EOT
2 ENQ
EOT
2 ENQ
EOT
2 ENQ
EOT
2 ENQ
EOT
2 ENQ
EOT
2 ENQ
EOT
2 ENQ
EOT
2 ENQ
EOT
2 ENQ
EOT
2 ENQ
EOT
2 ENQ
EOT
2 ENQ
EOT
2 ENQ
EOT
2 ENQ
EOT
2 ENQ
EOT
2 ENQ
EOT
2 ENQ
EOT
2 ENQ
EOT
2 ENQ
EOT
CR LFLF2 
ENQ
EOT
2 ENQ
EOT
2 ENQ
EOT
2 ENQ
EOT
2 ENQ
EOT
2 ENQ
EOT
2 ENQ
EOT
2 ENQ
EOT
2 ENQ
EOT
2 ENQ
EOT
2 ENQ
EOT
2 ENQ
EOT
2 ENQ
EOT
2 ENQ
EOT
2 ENQ
EOT
2 ENQ
EOT
2 ENQ
EOT
2 ENQ
EOT
2 ENQ
EOT
2 ENQ
EOT
2 ENQ
EOT
2 ENQ
EOT
2 ENQ
EOT
CR LFLF2 
ENQ
EOT
2 ENQ
EOT
2 ENQ
EOT
2 ENQ
EOT
2 ENQ
EOT
2 ENQ
EOT
2 ENQ
EOT
2 ENQ
EOT
2 ENQ
EOT
2 ENQ
EOT
2 ENQ
EOT
2 ENQ
EOT
2 ENQ
EOT
2 ENQ
EOT
2 ENQ
EOT
2 ENQ
EOT
2 ENQ
EOT
2 ENQ
EOT
1 ENQ 
2 ENQ
ACK
SOH 1 STX 1 US 4 3 9 2 RS 2 US 1 SPACE L e i l SPACE 1 RS 3 US 4 RS 4 US 3 ETX CR
ACK
EOT
1 ENQ 
2 ENQ
ACK
SOH 1 STX 1 US 4 3 9 3 RS 2 US 1 SPACE L e i l SPACE 1 RS 3 US 4 RS 4 US 3 ETX FF
ACK
EOT
1 ENQ 
2 ENQ
ACK
SOH 1 STX 1 US 4 3 9 4 RS 2 US 1 SPACE L e i l SPACE 1 RS 3 US 4 RS 4 US 3 ETX VT
ACK
EOT
1 ENQ 
2 ENQ
ACK
SOH 1 STX 1 US 4 3 9 5 RS 2 US 1 SPACE L e i l SPACE 1 RS 3 US 4 RS 4 US 3 ETX LF
ACK
EOT
1 ENQ 
2 ENQ
ACK
SOH 1 STX 1 US 4 3 9 6 RS 2 US 1 SPACE L e i l SPACE 1 RS 3 US 4 RS 4 US 3 ETX HT
ACK
EOT
1 ENQ 
2 ENQ
ACK
SOH 1 STX 1 US 4 3 9 7 RS 2 US 1 SPACE L e i l SPACE 1 RS 3 US 4 RS 4 US 3 ETX BS
ACK
EOT
2 ENQ
EOT
2 ENQ
EOT
2 ENQ
EOT
2 ENQ
EOT
2 ENQ
EOT
2 ENQ
EOT
2 ENQ
EOT
2 ENQ
EOT
2 ENQ
EOT
2 ENQ
EOT
2 ENQ
EOT
2 ENQ
EOT
2 ENQ
EOT
2 ENQ
EOT
2 ENQ
EOT
2 ENQ
EOT
2 ENQ
EOT
2 ENQ
EOT
2 ENQ
EOT
2 ENQ
EOT
2 ENQ
EOT
2 ENQ
EOT
2 ENQ
EOT
2 ENQ
EOT
2 ENQ
EOT
2 ENQ
EOT
1 ENQ 
2 ENQ
ACK
SOH 1 STX 1 US 4 3 9 2 RS 2 US 1 SPACE L e i l SPACE 1 RS 3 US 4 RS 4 US 3 ETX CR
ACK
EOT
1 ENQ 
2 ENQ
ACK
SOH 1 STX 1 US 4 3 9 3 RS 2 US 1 SPACE L e i l SPACE 1 RS 3 US 4 RS 4 US 3 ETX FF
ACK
EOT
1 ENQ 
2 ENQ
ACK
SOH 1 STX 1 US 4 3 9 4 RS 2 US 1 SPACE L e i l SPACE 1 RS 3 US 4 RS 4 US 3 ETX VT
ACK
EOT
1 ENQ 
2 ENQ
ACK
SOH 1 STX 1 US 4 3 9 5 RS 2 US 1 SPACE L e i l SPACE 1 RS 3 US 4 RS 4 US 3 ETX LF
ACK
EOT
1 ENQ 
2 ENQ
ACK
SOH 1 STX 1 US 4 3 9 6 RS 2 US 1 SPACE L e i l SPACE 1 RS 3 US 4 RS 4 US 3 ETX HT
ACK
EOT
1 ENQ 
2 ENQ
ACK
SOH 1 STX 1 US 4 3 9 7 RS 2 US 1 SPACE L e i l SPACE 1 RS 3 US 4 RS 4 US 3 ETX BS
ACK
EOT
2 ENQ
EOT
2 ENQ
EOT
2 ENQ
EOT
2 ENQ
EOT
2 ENQ
EOT
1 ENQ 
2 ENQ
ACK
SOH 1 STX 1 US 4 3 9 2 RS 2 US 1 SPACE T i l s t e d e RS 3 US 7 RS 4 US 3 ETX SOH
ACK
EOT
1 ENQ 
2 ENQ
ACK
SOH 1 STX 1 US 4 3 9 3 RS 2 US 1 SPACE T i l s t e d e RS 3 US 7 RS 4 US 3 ETX NUL
ACK
EOT
1 ENQ 
2 ENQ
ACK
SOH 1 STX 1 US 4 3 9 4 RS 2 US 1 SPACE T i l s t e d e RS 3 US 7 RS 4 US 3 ETX BEL
ACK
EOT
1 ENQ 
2 ENQ
ACK
SOH 1 STX 1 US 4 3 9 5 RS 2 US 1 SPACE T i l s t e d e RS 3 US 7 RS 4 US 3 ETX ACK
ACK
EOT
1 ENQ 
2 ENQ
ACK
SOH 1 STX 1 US 4 3 9 6 RS 2 US 1 SPACE T i l s t e d e RS 3 US 7 RS 4 US 3 ETX ENQ
ACK
EOT
1 ENQ 
2 ENQ
ACK
SOH 1 STX 1 US 4 3 9 7 RS 2 US 1 SPACE T i l s t e d e RS 3 US 7 RS 4 US 3 ETX EOT
ACK
EOT
2 ENQ
EOT
2 ENQ
EOT
2 ENQ
EOT
2 ENQ
EOT
2 ENQ
EOT
2 ENQ
EOT
2 ENQ
EOT
2 ENQ
EOT
2 ENQ
EOT
2 ENQ
EOT
2 ENQ
EOT
